<?xml version="1.0" encoding="UTF-8"?>
<testng-results ignored="0" total="12" passed="12" failed="0" skipped="0">
  <reporter-output>
  </reporter-output>
  <suite started-at="2025-05-09T10:48:03 IST" name="Suite" finished-at="2025-05-09T10:50:16 IST" duration-ms="133049">
    <groups>
      <group name="regression">
        <method signature="CreateOrganization__Test.createOrgWithIndus_Type()[pri:0, instance:com.comcat.crm.OrgTest.CreateOrganization__Test@117e949d]" name="createOrgWithIndus_Type" class="com.comcat.crm.OrgTest.CreateOrganization__Test"/>
        <method signature="CreateOrganization__Test.createOrgWithPhoneNumber()[pri:0, instance:com.comcat.crm.OrgTest.CreateOrganization__Test@117e949d]" name="createOrgWithPhoneNumber" class="com.comcat.crm.OrgTest.CreateOrganization__Test"/>
        <method signature="CreateContactTest.createContactWithDate()[pri:0, instance:com.comcat.crm.contactTest.CreateContactTest@15ca7889]" name="createContactWithDate" class="com.comcat.crm.contactTest.CreateContactTest"/>
        <method signature="CreateContactTest.createcontactWithOrg()[pri:0, instance:com.comcat.crm.contactTest.CreateContactTest@15ca7889]" name="createcontactWithOrg" class="com.comcat.crm.contactTest.CreateContactTest"/>
        <method signature="CreateOrganization__Test.createOrgWithIndus_Type()[pri:0, instance:com.comcat.crm.OrgTest.CreateOrganization__Test@46fa7c39]" name="createOrgWithIndus_Type" class="com.comcat.crm.OrgTest.CreateOrganization__Test"/>
        <method signature="CreateOrganization__Test.createOrgWithPhoneNumber()[pri:0, instance:com.comcat.crm.OrgTest.CreateOrganization__Test@46fa7c39]" name="createOrgWithPhoneNumber" class="com.comcat.crm.OrgTest.CreateOrganization__Test"/>
        <method signature="CreateContactTest.createContactWithDate()[pri:0, instance:com.comcat.crm.contactTest.CreateContactTest@1fb700ee]" name="createContactWithDate" class="com.comcat.crm.contactTest.CreateContactTest"/>
        <method signature="CreateContactTest.createcontactWithOrg()[pri:0, instance:com.comcat.crm.contactTest.CreateContactTest@1fb700ee]" name="createcontactWithOrg" class="com.comcat.crm.contactTest.CreateContactTest"/>
      </group> <!-- regression -->
      <group name="smoke">
        <method signature="CreateOrganization__Test.createOrg()[pri:0, instance:com.comcat.crm.OrgTest.CreateOrganization__Test@117e949d]" name="createOrg" class="com.comcat.crm.OrgTest.CreateOrganization__Test"/>
        <method signature="CreateContactTest.createContact()[pri:0, instance:com.comcat.crm.contactTest.CreateContactTest@15ca7889]" name="createContact" class="com.comcat.crm.contactTest.CreateContactTest"/>
        <method signature="CreateOrganization__Test.createOrg()[pri:0, instance:com.comcat.crm.OrgTest.CreateOrganization__Test@46fa7c39]" name="createOrg" class="com.comcat.crm.OrgTest.CreateOrganization__Test"/>
        <method signature="CreateContactTest.createContact()[pri:0, instance:com.comcat.crm.contactTest.CreateContactTest@1fb700ee]" name="createContact" class="com.comcat.crm.contactTest.CreateContactTest"/>
      </group> <!-- smoke -->
    </groups>
    <test started-at="2025-05-09T10:48:03 IST" name="TestRunner_Chrome" finished-at="2025-05-09T10:50:13 IST" duration-ms="129947">
      <class name="com.comcat.crm.contactTest.CreateContactTest">
        <test-method is-config="true" signature="configBc(java.lang.String)[pri:0, instance:com.comcat.crm.contactTest.CreateContactTest@1fb700ee]" started-at="2025-05-09T10:49:03 IST" name="configBc" finished-at="2025-05-09T10:49:05 IST" duration-ms="2388" status="PASS">
          <params>
            <param index="0">
              <value>
                <![CDATA[chrome]]>
              </value>
            </param>
          </params>
          <reporter-output>
          </reporter-output>
        </test-method> <!-- configBc -->
        <test-method is-config="true" signature="configBm()[pri:0, instance:com.comcat.crm.contactTest.CreateContactTest@1fb700ee]" started-at="2025-05-09T10:49:05 IST" name="configBm" finished-at="2025-05-09T10:49:11 IST" duration-ms="5378" status="PASS">
          <reporter-output>
          </reporter-output>
        </test-method> <!-- configBm -->
        <test-method signature="createContact()[pri:0, instance:com.comcat.crm.contactTest.CreateContactTest@1fb700ee]" started-at="2025-05-09T10:49:11 IST" name="createContact" finished-at="2025-05-09T10:49:25 IST" duration-ms="14424" status="PASS">
          <reporter-output>
          </reporter-output>
        </test-method> <!-- createContact -->
        <test-method is-config="true" signature="configAM()[pri:0, instance:com.comcat.crm.contactTest.CreateContactTest@1fb700ee]" started-at="2025-05-09T10:49:25 IST" name="configAM" finished-at="2025-05-09T10:49:27 IST" duration-ms="1457" status="PASS">
          <reporter-output>
          </reporter-output>
        </test-method> <!-- configAM -->
        <test-method is-config="true" signature="configBm()[pri:0, instance:com.comcat.crm.contactTest.CreateContactTest@1fb700ee]" started-at="2025-05-09T10:49:27 IST" name="configBm" finished-at="2025-05-09T10:49:30 IST" duration-ms="3609" status="PASS">
          <reporter-output>
          </reporter-output>
        </test-method> <!-- configBm -->
        <test-method signature="createContactWithDate()[pri:0, instance:com.comcat.crm.contactTest.CreateContactTest@1fb700ee]" started-at="2025-05-09T10:49:30 IST" name="createContactWithDate" finished-at="2025-05-09T10:49:42 IST" duration-ms="11682" status="PASS">
          <reporter-output>
          </reporter-output>
        </test-method> <!-- createContactWithDate -->
        <test-method is-config="true" signature="configAM()[pri:0, instance:com.comcat.crm.contactTest.CreateContactTest@1fb700ee]" started-at="2025-05-09T10:49:42 IST" name="configAM" finished-at="2025-05-09T10:49:43 IST" duration-ms="1434" status="PASS">
          <reporter-output>
          </reporter-output>
        </test-method> <!-- configAM -->
        <test-method is-config="true" signature="configBm()[pri:0, instance:com.comcat.crm.contactTest.CreateContactTest@1fb700ee]" started-at="2025-05-09T10:49:43 IST" name="configBm" finished-at="2025-05-09T10:49:47 IST" duration-ms="3199" status="PASS">
          <reporter-output>
          </reporter-output>
        </test-method> <!-- configBm -->
        <test-method signature="createcontactWithOrg()[pri:0, instance:com.comcat.crm.contactTest.CreateContactTest@1fb700ee]" started-at="2025-05-09T10:49:47 IST" name="createcontactWithOrg" finished-at="2025-05-09T10:50:11 IST" duration-ms="24815" status="PASS">
          <reporter-output>
          </reporter-output>
        </test-method> <!-- createcontactWithOrg -->
        <test-method is-config="true" signature="configAM()[pri:0, instance:com.comcat.crm.contactTest.CreateContactTest@1fb700ee]" started-at="2025-05-09T10:50:11 IST" name="configAM" finished-at="2025-05-09T10:50:13 IST" duration-ms="1363" status="PASS">
          <reporter-output>
          </reporter-output>
        </test-method> <!-- configAM -->
        <test-method is-config="true" signature="configAc()[pri:0, instance:com.comcat.crm.contactTest.CreateContactTest@1fb700ee]" started-at="2025-05-09T10:50:13 IST" name="configAc" finished-at="2025-05-09T10:50:13 IST" duration-ms="230" status="PASS">
          <reporter-output>
          </reporter-output>
        </test-method> <!-- configAc -->
      </class> <!-- com.comcat.crm.contactTest.CreateContactTest -->
      <class name="com.comcat.crm.OrgTest.CreateOrganization__Test">
        <test-method is-config="true" signature="configBS()[pri:0, instance:com.comcat.crm.OrgTest.CreateOrganization__Test@46fa7c39]" started-at="2025-05-09T10:48:03 IST" name="configBS" finished-at="2025-05-09T10:48:03 IST" duration-ms="175" status="PASS">
          <reporter-output>
          </reporter-output>
        </test-method> <!-- configBS -->
        <test-method is-config="true" signature="configBc(java.lang.String)[pri:0, instance:com.comcat.crm.OrgTest.CreateOrganization__Test@46fa7c39]" started-at="2025-05-09T10:48:03 IST" name="configBc" finished-at="2025-05-09T10:48:05 IST" duration-ms="2351" status="PASS">
          <params>
            <param index="0">
              <value>
                <![CDATA[chrome]]>
              </value>
            </param>
          </params>
          <reporter-output>
          </reporter-output>
        </test-method> <!-- configBc -->
        <test-method is-config="true" signature="configBm()[pri:0, instance:com.comcat.crm.OrgTest.CreateOrganization__Test@46fa7c39]" started-at="2025-05-09T10:48:05 IST" name="configBm" finished-at="2025-05-09T10:48:08 IST" duration-ms="2957" status="PASS">
          <reporter-output>
          </reporter-output>
        </test-method> <!-- configBm -->
        <test-method signature="createOrg()[pri:0, instance:com.comcat.crm.OrgTest.CreateOrganization__Test@46fa7c39]" started-at="2025-05-09T10:48:08 IST" name="createOrg" finished-at="2025-05-09T10:48:27 IST" duration-ms="18623" status="PASS">
          <reporter-output>
          </reporter-output>
        </test-method> <!-- createOrg -->
        <test-method is-config="true" signature="configAM()[pri:0, instance:com.comcat.crm.OrgTest.CreateOrganization__Test@46fa7c39]" started-at="2025-05-09T10:48:27 IST" name="configAM" finished-at="2025-05-09T10:48:28 IST" duration-ms="1483" status="PASS">
          <reporter-output>
          </reporter-output>
        </test-method> <!-- configAM -->
        <test-method is-config="true" signature="configBm()[pri:0, instance:com.comcat.crm.OrgTest.CreateOrganization__Test@46fa7c39]" started-at="2025-05-09T10:48:28 IST" name="configBm" finished-at="2025-05-09T10:48:32 IST" duration-ms="3178" status="PASS">
          <reporter-output>
          </reporter-output>
        </test-method> <!-- configBm -->
        <test-method signature="createOrgWithIndus_Type()[pri:0, instance:com.comcat.crm.OrgTest.CreateOrganization__Test@46fa7c39]" started-at="2025-05-09T10:48:32 IST" name="createOrgWithIndus_Type" finished-at="2025-05-09T10:48:45 IST" duration-ms="13082" status="PASS">
          <reporter-output>
          </reporter-output>
        </test-method> <!-- createOrgWithIndus_Type -->
        <test-method is-config="true" signature="configAM()[pri:0, instance:com.comcat.crm.OrgTest.CreateOrganization__Test@46fa7c39]" started-at="2025-05-09T10:48:45 IST" name="configAM" finished-at="2025-05-09T10:48:46 IST" duration-ms="1544" status="PASS">
          <reporter-output>
          </reporter-output>
        </test-method> <!-- configAM -->
        <test-method is-config="true" signature="configBm()[pri:0, instance:com.comcat.crm.OrgTest.CreateOrganization__Test@46fa7c39]" started-at="2025-05-09T10:48:46 IST" name="configBm" finished-at="2025-05-09T10:48:50 IST" duration-ms="3724" status="PASS">
          <reporter-output>
          </reporter-output>
        </test-method> <!-- configBm -->
        <test-method signature="createOrgWithPhoneNumber()[pri:0, instance:com.comcat.crm.OrgTest.CreateOrganization__Test@46fa7c39]" started-at="2025-05-09T10:48:50 IST" name="createOrgWithPhoneNumber" finished-at="2025-05-09T10:49:01 IST" duration-ms="11209" status="PASS">
          <reporter-output>
          </reporter-output>
        </test-method> <!-- createOrgWithPhoneNumber -->
        <test-method is-config="true" signature="configAM()[pri:0, instance:com.comcat.crm.OrgTest.CreateOrganization__Test@46fa7c39]" started-at="2025-05-09T10:49:01 IST" name="configAM" finished-at="2025-05-09T10:49:03 IST" duration-ms="1565" status="PASS">
          <reporter-output>
          </reporter-output>
        </test-method> <!-- configAM -->
        <test-method is-config="true" signature="configAc()[pri:0, instance:com.comcat.crm.OrgTest.CreateOrganization__Test@46fa7c39]" started-at="2025-05-09T10:49:03 IST" name="configAc" finished-at="2025-05-09T10:49:03 IST" duration-ms="174" status="PASS">
          <reporter-output>
          </reporter-output>
        </test-method> <!-- configAc -->
        <test-method is-config="true" signature="configAS()[pri:0, instance:com.comcat.crm.OrgTest.CreateOrganization__Test@46fa7c39]" started-at="2025-05-09T10:50:16 IST" name="configAS" finished-at="2025-05-09T10:50:16 IST" duration-ms="0" status="PASS">
          <reporter-output>
          </reporter-output>
        </test-method> <!-- configAS -->
      </class> <!-- com.comcat.crm.OrgTest.CreateOrganization__Test -->
    </test> <!-- TestRunner_Chrome -->
    <test started-at="2025-05-09T10:48:03 IST" name="TestRunner_EDGE" finished-at="2025-05-09T10:50:16 IST" duration-ms="133049">
      <class name="com.comcat.crm.contactTest.CreateContactTest">
        <test-method is-config="true" signature="configBc(java.lang.String)[pri:0, instance:com.comcat.crm.contactTest.CreateContactTest@15ca7889]" started-at="2025-05-09T10:49:04 IST" name="configBc" finished-at="2025-05-09T10:49:09 IST" duration-ms="4782" status="PASS">
          <params>
            <param index="0">
              <value>
                <![CDATA[edge]]>
              </value>
            </param>
          </params>
          <reporter-output>
          </reporter-output>
        </test-method> <!-- configBc -->
        <test-method is-config="true" signature="configBm()[pri:0, instance:com.comcat.crm.contactTest.CreateContactTest@15ca7889]" started-at="2025-05-09T10:49:09 IST" name="configBm" finished-at="2025-05-09T10:49:13 IST" duration-ms="4695" status="PASS">
          <reporter-output>
          </reporter-output>
        </test-method> <!-- configBm -->
        <test-method signature="createContact()[pri:0, instance:com.comcat.crm.contactTest.CreateContactTest@15ca7889]" started-at="2025-05-09T10:49:13 IST" name="createContact" finished-at="2025-05-09T10:49:27 IST" duration-ms="13706" status="PASS">
          <reporter-output>
          </reporter-output>
        </test-method> <!-- createContact -->
        <test-method is-config="true" signature="configAM()[pri:0, instance:com.comcat.crm.contactTest.CreateContactTest@15ca7889]" started-at="2025-05-09T10:49:27 IST" name="configAM" finished-at="2025-05-09T10:49:29 IST" duration-ms="1496" status="PASS">
          <reporter-output>
          </reporter-output>
        </test-method> <!-- configAM -->
        <test-method is-config="true" signature="configBm()[pri:0, instance:com.comcat.crm.contactTest.CreateContactTest@15ca7889]" started-at="2025-05-09T10:49:29 IST" name="configBm" finished-at="2025-05-09T10:49:32 IST" duration-ms="3637" status="PASS">
          <reporter-output>
          </reporter-output>
        </test-method> <!-- configBm -->
        <test-method signature="createContactWithDate()[pri:0, instance:com.comcat.crm.contactTest.CreateContactTest@15ca7889]" started-at="2025-05-09T10:49:32 IST" name="createContactWithDate" finished-at="2025-05-09T10:49:44 IST" duration-ms="11627" status="PASS">
          <reporter-output>
          </reporter-output>
        </test-method> <!-- createContactWithDate -->
        <test-method is-config="true" signature="configAM()[pri:0, instance:com.comcat.crm.contactTest.CreateContactTest@15ca7889]" started-at="2025-05-09T10:49:44 IST" name="configAM" finished-at="2025-05-09T10:49:45 IST" duration-ms="1377" status="PASS">
          <reporter-output>
          </reporter-output>
        </test-method> <!-- configAM -->
        <test-method is-config="true" signature="configBm()[pri:0, instance:com.comcat.crm.contactTest.CreateContactTest@15ca7889]" started-at="2025-05-09T10:49:45 IST" name="configBm" finished-at="2025-05-09T10:49:49 IST" duration-ms="3524" status="PASS">
          <reporter-output>
          </reporter-output>
        </test-method> <!-- configBm -->
        <test-method signature="createcontactWithOrg()[pri:0, instance:com.comcat.crm.contactTest.CreateContactTest@15ca7889]" started-at="2025-05-09T10:49:49 IST" name="createcontactWithOrg" finished-at="2025-05-09T10:50:14 IST" duration-ms="25746" status="PASS">
          <reporter-output>
          </reporter-output>
        </test-method> <!-- createcontactWithOrg -->
        <test-method is-config="true" signature="configAM()[pri:0, instance:com.comcat.crm.contactTest.CreateContactTest@15ca7889]" started-at="2025-05-09T10:50:14 IST" name="configAM" finished-at="2025-05-09T10:50:16 IST" duration-ms="1309" status="PASS">
          <reporter-output>
          </reporter-output>
        </test-method> <!-- configAM -->
        <test-method is-config="true" signature="configAc()[pri:0, instance:com.comcat.crm.contactTest.CreateContactTest@15ca7889]" started-at="2025-05-09T10:50:16 IST" name="configAc" finished-at="2025-05-09T10:50:16 IST" duration-ms="275" status="PASS">
          <reporter-output>
          </reporter-output>
        </test-method> <!-- configAc -->
      </class> <!-- com.comcat.crm.contactTest.CreateContactTest -->
      <class name="com.comcat.crm.OrgTest.CreateOrganization__Test">
        <test-method is-config="true" signature="configBc(java.lang.String)[pri:0, instance:com.comcat.crm.OrgTest.CreateOrganization__Test@117e949d]" started-at="2025-05-09T10:48:03 IST" name="configBc" finished-at="2025-05-09T10:48:08 IST" duration-ms="4579" status="PASS">
          <params>
            <param index="0">
              <value>
                <![CDATA[edge]]>
              </value>
            </param>
          </params>
          <reporter-output>
          </reporter-output>
        </test-method> <!-- configBc -->
        <test-method is-config="true" signature="configBm()[pri:0, instance:com.comcat.crm.OrgTest.CreateOrganization__Test@117e949d]" started-at="2025-05-09T10:48:08 IST" name="configBm" finished-at="2025-05-09T10:48:13 IST" duration-ms="5456" status="PASS">
          <reporter-output>
          </reporter-output>
        </test-method> <!-- configBm -->
        <test-method signature="createOrg()[pri:0, instance:com.comcat.crm.OrgTest.CreateOrganization__Test@117e949d]" started-at="2025-05-09T10:48:13 IST" name="createOrg" finished-at="2025-05-09T10:48:27 IST" duration-ms="14128" status="PASS">
          <reporter-output>
          </reporter-output>
        </test-method> <!-- createOrg -->
        <test-method is-config="true" signature="configAM()[pri:0, instance:com.comcat.crm.OrgTest.CreateOrganization__Test@117e949d]" started-at="2025-05-09T10:48:27 IST" name="configAM" finished-at="2025-05-09T10:48:29 IST" duration-ms="1443" status="PASS">
          <reporter-output>
          </reporter-output>
        </test-method> <!-- configAM -->
        <test-method is-config="true" signature="configBm()[pri:0, instance:com.comcat.crm.OrgTest.CreateOrganization__Test@117e949d]" started-at="2025-05-09T10:48:29 IST" name="configBm" finished-at="2025-05-09T10:48:32 IST" duration-ms="3452" status="PASS">
          <reporter-output>
          </reporter-output>
        </test-method> <!-- configBm -->
        <test-method signature="createOrgWithIndus_Type()[pri:0, instance:com.comcat.crm.OrgTest.CreateOrganization__Test@117e949d]" started-at="2025-05-09T10:48:32 IST" name="createOrgWithIndus_Type" finished-at="2025-05-09T10:48:44 IST" duration-ms="12125" status="PASS">
          <reporter-output>
          </reporter-output>
        </test-method> <!-- createOrgWithIndus_Type -->
        <test-method is-config="true" signature="configAM()[pri:0, instance:com.comcat.crm.OrgTest.CreateOrganization__Test@117e949d]" started-at="2025-05-09T10:48:44 IST" name="configAM" finished-at="2025-05-09T10:48:46 IST" duration-ms="1489" status="PASS">
          <reporter-output>
          </reporter-output>
        </test-method> <!-- configAM -->
        <test-method is-config="true" signature="configBm()[pri:0, instance:com.comcat.crm.OrgTest.CreateOrganization__Test@117e949d]" started-at="2025-05-09T10:48:46 IST" name="configBm" finished-at="2025-05-09T10:48:49 IST" duration-ms="3246" status="PASS">
          <reporter-output>
          </reporter-output>
        </test-method> <!-- configBm -->
        <test-method signature="createOrgWithPhoneNumber()[pri:0, instance:com.comcat.crm.OrgTest.CreateOrganization__Test@117e949d]" started-at="2025-05-09T10:48:49 IST" name="createOrgWithPhoneNumber" finished-at="2025-05-09T10:49:02 IST" duration-ms="12628" status="PASS">
          <reporter-output>
          </reporter-output>
        </test-method> <!-- createOrgWithPhoneNumber -->
        <test-method is-config="true" signature="configAM()[pri:0, instance:com.comcat.crm.OrgTest.CreateOrganization__Test@117e949d]" started-at="2025-05-09T10:49:02 IST" name="configAM" finished-at="2025-05-09T10:49:04 IST" duration-ms="1981" status="PASS">
          <reporter-output>
          </reporter-output>
        </test-method> <!-- configAM -->
        <test-method is-config="true" signature="configAc()[pri:0, instance:com.comcat.crm.OrgTest.CreateOrganization__Test@117e949d]" started-at="2025-05-09T10:49:04 IST" name="configAc" finished-at="2025-05-09T10:49:04 IST" duration-ms="295" status="PASS">
          <reporter-output>
          </reporter-output>
        </test-method> <!-- configAc -->
      </class> <!-- com.comcat.crm.OrgTest.CreateOrganization__Test -->
    </test> <!-- TestRunner_EDGE -->
  </suite> <!-- Suite -->
</testng-results>
