<?xml version="1.0" encoding="UTF-8"?>
<!-- Generated by org.testng.reporters.JUnitXMLReporter -->
<testsuite ignored="2" hostname="Soundarya" failures="0" tests="6" name="TestRunner_Chrome" time="129.947" errors="0" timestamp="2025-05-09T10:50:13 IST">
  <testcase classname="com.comcat.crm.OrgTest.CreateOrganization__Test" name="createOrg" time="18.623"/>
  <testcase classname="com.comcat.crm.OrgTest.CreateOrganization__Test" name="createOrgWithIndus_Type" time="13.082"/>
  <testcase classname="com.comcat.crm.OrgTest.CreateOrganization__Test" name="createOrgWithPhoneNumber" time="11.209"/>
  <testcase classname="com.comcat.crm.contactTest.CreateContactTest" name="createContact" time="14.424"/>
  <testcase classname="com.comcat.crm.contactTest.CreateContactTest" name="createContactWithDate" time="11.682"/>
  <testcase classname="com.comcat.crm.contactTest.CreateContactTest" name="createcontactWithOrg" time="24.815"/>
  <testcase classname="com.comcast.crm.basetest.BaseClass" name="@AfterSuite configAS" time="0.0">
    <ignored/>
  </testcase> <!-- @AfterSuite configAS -->
  <testcase classname="com.comcast.crm.basetest.BaseClass" name="@BeforeSuite configBS" time="0.0">
    <ignored/>
  </testcase> <!-- @BeforeSuite configBS -->
</testsuite> <!-- TestRunner_Chrome -->
