<?xml version="1.0" encoding="UTF-8"?>
<!-- Generated by org.testng.reporters.JUnitXMLReporter -->
<testsuite ignored="2" hostname="Soundarya" failures="0" tests="6" name="TestRunner_EDGE" time="133.049" errors="0" timestamp="2025-05-09T10:50:16 IST">
  <testcase classname="com.comcat.crm.OrgTest.CreateOrganization__Test" name="createOrg" time="14.128"/>
  <testcase classname="com.comcat.crm.OrgTest.CreateOrganization__Test" name="createOrgWithIndus_Type" time="12.125"/>
  <testcase classname="com.comcat.crm.OrgTest.CreateOrganization__Test" name="createOrgWithPhoneNumber" time="12.628"/>
  <testcase classname="com.comcat.crm.contactTest.CreateContactTest" name="createContact" time="13.706"/>
  <testcase classname="com.comcat.crm.contactTest.CreateContactTest" name="createContactWithDate" time="11.627"/>
  <testcase classname="com.comcat.crm.contactTest.CreateContactTest" name="createcontactWithOrg" time="25.746"/>
  <testcase classname="com.comcast.crm.basetest.BaseClass" name="@BeforeSuite configBS" time="0.0">
    <ignored/>
  </testcase> <!-- @BeforeSuite configBS -->
  <testcase classname="com.comcast.crm.basetest.BaseClass" name="@AfterSuite configAS" time="0.0">
    <ignored/>
  </testcase> <!-- @AfterSuite configAS -->
</testsuite> <!-- TestRunner_EDGE -->
