<?xml version="1.0" encoding="UTF-8"?>
<!-- Generated by org.testng.reporters.JUnitXMLReporter -->
<testsuite ignored="2" hostname="Soundarya" failures="0" tests="6" name="TestRunner_FireFox" time="131.76" errors="0" timestamp="2025-05-09T10:43:44 IST">
  <testcase classname="com.comcat.crm.OrgTest.CreateOrganization__Test" name="createOrg" time="14.786"/>
  <testcase classname="com.comcat.crm.OrgTest.CreateOrganization__Test" name="createOrgWithIndus_Type" time="15.106"/>
  <testcase classname="com.comcat.crm.OrgTest.CreateOrganization__Test" name="createOrgWithPhoneNumber" time="12.309"/>
  <testcase classname="com.comcat.crm.contactTest.CreateContactTest" name="createContact" time="10.698"/>
  <testcase classname="com.comcat.crm.contactTest.CreateContactTest" name="createContactWithDate" time="15.27"/>
  <testcase classname="com.comcat.crm.contactTest.CreateContactTest" name="createcontactWithOrg" time="23.544"/>
  <testcase classname="com.comcast.crm.basetest.BaseClass" name="@BeforeSuite configBS" time="0.0">
    <ignored/>
  </testcase> <!-- @BeforeSuite configBS -->
  <testcase classname="com.comcast.crm.basetest.BaseClass" name="@AfterSuite configAS" time="0.0">
    <ignored/>
  </testcase> <!-- @AfterSuite configAS -->
</testsuite> <!-- TestRunner_FireFox -->
