<?xml version="1.0" encoding="UTF-8"?>
<!-- Generated by org.testng.reporters.JUnitXMLReporter -->
<testsuite ignored="0" hostname="Soundarya" failures="0" tests="3" name="Test1" time="62.686" errors="0" timestamp="2025-05-09T10:39:10 IST">
  <testcase classname="com.comcat.crm.OrgTest.CreateOrganization__Test" name="createOrg" time="19.573"/>
  <testcase classname="com.comcat.crm.OrgTest.CreateOrganization__Test" name="createOrgWithIndus_Type" time="15.766"/>
  <testcase classname="com.comcat.crm.OrgTest.CreateOrganization__Test" name="createOrgWithPhoneNumber" time="12.852"/>
</testsuite> <!-- Test1 -->
